[2021-06-14 16:34:40] local.ERROR: Error while reading line from the server. [tcp://127.0.0.1:6379] {"exception":"[object] (Predis\\Connection\\ConnectionException(code: 0): Error while reading line from the server. [tcp://127.0.0.1:6379] at /mnt/d/Projects/ehhoo_bug_fix/api/vendor/predis/predis/src/Connection/AbstractConnection.php:155)
[stacktrace]
#0 /mnt/d/Projects/ehhoo_bug_fix/api/vendor/predis/predis/src/Connection/StreamConnection.php(314): Predis\\Connection\\AbstractConnection->onConnectionError()
#1 /mnt/d/Projects/ehhoo_bug_fix/api/vendor/predis/predis/src/Connection/AbstractConnection.php(120): Predis\\Connection\\StreamConnection->read()
#2 /mnt/d/Projects/ehhoo_bug_fix/api/vendor/predis/predis/src/Connection/AbstractConnection.php(112): Predis\\Connection\\AbstractConnection->readResponse()
#3 /mnt/d/Projects/ehhoo_bug_fix/api/vendor/predis/predis/src/Connection/StreamConnection.php(260): Predis\\Connection\\AbstractConnection->executeCommand()
#4 /mnt/d/Projects/ehhoo_bug_fix/api/vendor/predis/predis/src/Connection/AbstractConnection.php(180): Predis\\Connection\\StreamConnection->connect()
#5 /mnt/d/Projects/ehhoo_bug_fix/api/vendor/predis/predis/src/Connection/StreamConnection.php(288): Predis\\Connection\\AbstractConnection->getResource()
#6 /mnt/d/Projects/ehhoo_bug_fix/api/vendor/predis/predis/src/Connection/StreamConnection.php(394): Predis\\Connection\\StreamConnection->write()
#7 /mnt/d/Projects/ehhoo_bug_fix/api/vendor/predis/predis/src/Connection/AbstractConnection.php(110): Predis\\Connection\\StreamConnection->writeRequest()
#8 /mnt/d/Projects/ehhoo_bug_fix/api/vendor/predis/predis/src/Client.php(331): Predis\\Connection\\AbstractConnection->executeCommand()
#9 /mnt/d/Projects/ehhoo_bug_fix/api/vendor/predis/predis/src/Client.php(314): Predis\\Client->executeCommand()
#10 /mnt/d/Projects/ehhoo_bug_fix/api/vendor/laravel/framework/src/Illuminate/Redis/Connections/Connection.php(116): Predis\\Client->__call()
#11 /mnt/d/Projects/ehhoo_bug_fix/api/vendor/laravel/framework/src/Illuminate/Redis/Connections/Connection.php(220): Illuminate\\Redis\\Connections\\Connection->command()
#12 /mnt/d/Projects/ehhoo_bug_fix/api/vendor/laravel/framework/src/Illuminate/Queue/RedisQueue.php(247): Illuminate\\Redis\\Connections\\Connection->__call()
#13 /mnt/d/Projects/ehhoo_bug_fix/api/vendor/laravel/framework/src/Illuminate/Queue/RedisQueue.php(230): Illuminate\\Queue\\RedisQueue->migrateExpiredJobs()
#14 /mnt/d/Projects/ehhoo_bug_fix/api/vendor/laravel/framework/src/Illuminate/Queue/RedisQueue.php(210): Illuminate\\Queue\\RedisQueue->migrate()
#15 /mnt/d/Projects/ehhoo_bug_fix/api/vendor/laravel/framework/src/Illuminate/Queue/Worker.php(331): Illuminate\\Queue\\RedisQueue->pop()
#16 /mnt/d/Projects/ehhoo_bug_fix/api/vendor/laravel/framework/src/Illuminate/Queue/Worker.php(340): Illuminate\\Queue\\Worker->Illuminate\\Queue\\{closure}()
#17 /mnt/d/Projects/ehhoo_bug_fix/api/vendor/laravel/framework/src/Illuminate/Queue/Worker.php(308): Illuminate\\Queue\\Worker->getNextJob()
#18 /mnt/d/Projects/ehhoo_bug_fix/api/vendor/laravel/framework/src/Illuminate/Queue/Console/WorkCommand.php(117): Illuminate\\Queue\\Worker->runNextJob()
#19 /mnt/d/Projects/ehhoo_bug_fix/api/vendor/laravel/framework/src/Illuminate/Queue/Console/WorkCommand.php(101): Illuminate\\Queue\\Console\\WorkCommand->runWorker()
#20 /mnt/d/Projects/ehhoo_bug_fix/api/vendor/laravel/framework/src/Illuminate/Container/BoundMethod.php(36): Illuminate\\Queue\\Console\\WorkCommand->handle()
#21 /mnt/d/Projects/ehhoo_bug_fix/api/vendor/laravel/framework/src/Illuminate/Container/Util.php(40): Illuminate\\Container\\BoundMethod::Illuminate\\Container\\{closure}()
#22 /mnt/d/Projects/ehhoo_bug_fix/api/vendor/laravel/framework/src/Illuminate/Container/BoundMethod.php(93): Illuminate\\Container\\Util::unwrapIfClosure()
#23 /mnt/d/Projects/ehhoo_bug_fix/api/vendor/laravel/framework/src/Illuminate/Container/BoundMethod.php(37): Illuminate\\Container\\BoundMethod::callBoundMethod()
#24 /mnt/d/Projects/ehhoo_bug_fix/api/vendor/laravel/framework/src/Illuminate/Container/Container.php(614): Illuminate\\Container\\BoundMethod::call()
#25 /mnt/d/Projects/ehhoo_bug_fix/api/vendor/laravel/framework/src/Illuminate/Console/Command.php(136): Illuminate\\Container\\Container->call()
#26 /mnt/d/Projects/ehhoo_bug_fix/api/vendor/symfony/console/Command/Command.php(288): Illuminate\\Console\\Command->execute()
#27 /mnt/d/Projects/ehhoo_bug_fix/api/vendor/laravel/framework/src/Illuminate/Console/Command.php(121): Symfony\\Component\\Console\\Command\\Command->run()
#28 /mnt/d/Projects/ehhoo_bug_fix/api/vendor/symfony/console/Application.php(974): Illuminate\\Console\\Command->run()
#29 /mnt/d/Projects/ehhoo_bug_fix/api/vendor/symfony/console/Application.php(291): Symfony\\Component\\Console\\Application->doRunCommand()
#30 /mnt/d/Projects/ehhoo_bug_fix/api/vendor/symfony/console/Application.php(167): Symfony\\Component\\Console\\Application->doRun()
#31 /mnt/d/Projects/ehhoo_bug_fix/api/vendor/laravel/framework/src/Illuminate/Console/Application.php(92): Symfony\\Component\\Console\\Application->run()
#32 /mnt/d/Projects/ehhoo_bug_fix/api/vendor/laravel/framework/src/Illuminate/Foundation/Console/Kernel.php(129): Illuminate\\Console\\Application->run()
#33 /mnt/d/Projects/ehhoo_bug_fix/api/artisan(37): Illuminate\\Foundation\\Console\\Kernel->handle()
#34 {main}
"} 
[2021-06-14 16:58:14] local.ERROR: Error while reading line from the server. [tcp://127.0.0.1:6379] {"exception":"[object] (Predis\\Connection\\ConnectionException(code: 0): Error while reading line from the server. [tcp://127.0.0.1:6379] at /mnt/d/Projects/ehhoo_bug_fix/api/vendor/predis/predis/src/Connection/AbstractConnection.php:155)
[stacktrace]
#0 /mnt/d/Projects/ehhoo_bug_fix/api/vendor/predis/predis/src/Connection/StreamConnection.php(314): Predis\\Connection\\AbstractConnection->onConnectionError()
#1 /mnt/d/Projects/ehhoo_bug_fix/api/vendor/predis/predis/src/Connection/AbstractConnection.php(120): Predis\\Connection\\StreamConnection->read()
#2 /mnt/d/Projects/ehhoo_bug_fix/api/vendor/predis/predis/src/Connection/AbstractConnection.php(112): Predis\\Connection\\AbstractConnection->readResponse()
#3 /mnt/d/Projects/ehhoo_bug_fix/api/vendor/predis/predis/src/Connection/StreamConnection.php(260): Predis\\Connection\\AbstractConnection->executeCommand()
#4 /mnt/d/Projects/ehhoo_bug_fix/api/vendor/predis/predis/src/Connection/AbstractConnection.php(180): Predis\\Connection\\StreamConnection->connect()
#5 /mnt/d/Projects/ehhoo_bug_fix/api/vendor/predis/predis/src/Connection/StreamConnection.php(288): Predis\\Connection\\AbstractConnection->getResource()
#6 /mnt/d/Projects/ehhoo_bug_fix/api/vendor/predis/predis/src/Connection/StreamConnection.php(394): Predis\\Connection\\StreamConnection->write()
#7 /mnt/d/Projects/ehhoo_bug_fix/api/vendor/predis/predis/src/Connection/AbstractConnection.php(110): Predis\\Connection\\StreamConnection->writeRequest()
#8 /mnt/d/Projects/ehhoo_bug_fix/api/vendor/predis/predis/src/Client.php(331): Predis\\Connection\\AbstractConnection->executeCommand()
#9 /mnt/d/Projects/ehhoo_bug_fix/api/vendor/predis/predis/src/Client.php(314): Predis\\Client->executeCommand()
#10 /mnt/d/Projects/ehhoo_bug_fix/api/vendor/laravel/framework/src/Illuminate/Redis/Connections/Connection.php(116): Predis\\Client->__call()
#11 /mnt/d/Projects/ehhoo_bug_fix/api/vendor/laravel/framework/src/Illuminate/Redis/Connections/Connection.php(220): Illuminate\\Redis\\Connections\\Connection->command()
#12 /mnt/d/Projects/ehhoo_bug_fix/api/vendor/laravel/framework/src/Illuminate/Queue/RedisQueue.php(247): Illuminate\\Redis\\Connections\\Connection->__call()
#13 /mnt/d/Projects/ehhoo_bug_fix/api/vendor/laravel/framework/src/Illuminate/Queue/RedisQueue.php(230): Illuminate\\Queue\\RedisQueue->migrateExpiredJobs()
#14 /mnt/d/Projects/ehhoo_bug_fix/api/vendor/laravel/framework/src/Illuminate/Queue/RedisQueue.php(210): Illuminate\\Queue\\RedisQueue->migrate()
#15 /mnt/d/Projects/ehhoo_bug_fix/api/vendor/laravel/framework/src/Illuminate/Queue/Worker.php(331): Illuminate\\Queue\\RedisQueue->pop()
#16 /mnt/d/Projects/ehhoo_bug_fix/api/vendor/laravel/framework/src/Illuminate/Queue/Worker.php(340): Illuminate\\Queue\\Worker->Illuminate\\Queue\\{closure}()
#17 /mnt/d/Projects/ehhoo_bug_fix/api/vendor/laravel/framework/src/Illuminate/Queue/Worker.php(308): Illuminate\\Queue\\Worker->getNextJob()
#18 /mnt/d/Projects/ehhoo_bug_fix/api/vendor/laravel/framework/src/Illuminate/Queue/Console/WorkCommand.php(117): Illuminate\\Queue\\Worker->runNextJob()
#19 /mnt/d/Projects/ehhoo_bug_fix/api/vendor/laravel/framework/src/Illuminate/Queue/Console/WorkCommand.php(101): Illuminate\\Queue\\Console\\WorkCommand->runWorker()
#20 /mnt/d/Projects/ehhoo_bug_fix/api/vendor/laravel/framework/src/Illuminate/Container/BoundMethod.php(36): Illuminate\\Queue\\Console\\WorkCommand->handle()
#21 /mnt/d/Projects/ehhoo_bug_fix/api/vendor/laravel/framework/src/Illuminate/Container/Util.php(40): Illuminate\\Container\\BoundMethod::Illuminate\\Container\\{closure}()
#22 /mnt/d/Projects/ehhoo_bug_fix/api/vendor/laravel/framework/src/Illuminate/Container/BoundMethod.php(93): Illuminate\\Container\\Util::unwrapIfClosure()
#23 /mnt/d/Projects/ehhoo_bug_fix/api/vendor/laravel/framework/src/Illuminate/Container/BoundMethod.php(37): Illuminate\\Container\\BoundMethod::callBoundMethod()
#24 /mnt/d/Projects/ehhoo_bug_fix/api/vendor/laravel/framework/src/Illuminate/Container/Container.php(614): Illuminate\\Container\\BoundMethod::call()
#25 /mnt/d/Projects/ehhoo_bug_fix/api/vendor/laravel/framework/src/Illuminate/Console/Command.php(136): Illuminate\\Container\\Container->call()
#26 /mnt/d/Projects/ehhoo_bug_fix/api/vendor/symfony/console/Command/Command.php(288): Illuminate\\Console\\Command->execute()
#27 /mnt/d/Projects/ehhoo_bug_fix/api/vendor/laravel/framework/src/Illuminate/Console/Command.php(121): Symfony\\Component\\Console\\Command\\Command->run()
#28 /mnt/d/Projects/ehhoo_bug_fix/api/vendor/symfony/console/Application.php(974): Illuminate\\Console\\Command->run()
#29 /mnt/d/Projects/ehhoo_bug_fix/api/vendor/symfony/console/Application.php(291): Symfony\\Component\\Console\\Application->doRunCommand()
#30 /mnt/d/Projects/ehhoo_bug_fix/api/vendor/symfony/console/Application.php(167): Symfony\\Component\\Console\\Application->doRun()
#31 /mnt/d/Projects/ehhoo_bug_fix/api/vendor/laravel/framework/src/Illuminate/Console/Application.php(92): Symfony\\Component\\Console\\Application->run()
#32 /mnt/d/Projects/ehhoo_bug_fix/api/vendor/laravel/framework/src/Illuminate/Foundation/Console/Kernel.php(129): Illuminate\\Console\\Application->run()
#33 /mnt/d/Projects/ehhoo_bug_fix/api/artisan(37): Illuminate\\Foundation\\Console\\Kernel->handle()
#34 {main}
"} 
[2021-06-14 17:08:21] local.ERROR: Error while reading line from the server. [tcp://127.0.0.1:6379] {"exception":"[object] (Predis\\Connection\\ConnectionException(code: 0): Error while reading line from the server. [tcp://127.0.0.1:6379] at /mnt/d/Projects/ehhoo_bug_fix/api/vendor/predis/predis/src/Connection/AbstractConnection.php:155)
[stacktrace]
#0 /mnt/d/Projects/ehhoo_bug_fix/api/vendor/predis/predis/src/Connection/StreamConnection.php(314): Predis\\Connection\\AbstractConnection->onConnectionError()
#1 /mnt/d/Projects/ehhoo_bug_fix/api/vendor/predis/predis/src/Connection/AbstractConnection.php(120): Predis\\Connection\\StreamConnection->read()
#2 /mnt/d/Projects/ehhoo_bug_fix/api/vendor/predis/predis/src/Connection/AbstractConnection.php(112): Predis\\Connection\\AbstractConnection->readResponse()
#3 /mnt/d/Projects/ehhoo_bug_fix/api/vendor/predis/predis/src/Connection/StreamConnection.php(260): Predis\\Connection\\AbstractConnection->executeCommand()
#4 /mnt/d/Projects/ehhoo_bug_fix/api/vendor/predis/predis/src/Connection/AbstractConnection.php(180): Predis\\Connection\\StreamConnection->connect()
#5 /mnt/d/Projects/ehhoo_bug_fix/api/vendor/predis/predis/src/Connection/StreamConnection.php(288): Predis\\Connection\\AbstractConnection->getResource()
#6 /mnt/d/Projects/ehhoo_bug_fix/api/vendor/predis/predis/src/Connection/StreamConnection.php(394): Predis\\Connection\\StreamConnection->write()
#7 /mnt/d/Projects/ehhoo_bug_fix/api/vendor/predis/predis/src/Connection/AbstractConnection.php(110): Predis\\Connection\\StreamConnection->writeRequest()
#8 /mnt/d/Projects/ehhoo_bug_fix/api/vendor/predis/predis/src/Client.php(331): Predis\\Connection\\AbstractConnection->executeCommand()
#9 /mnt/d/Projects/ehhoo_bug_fix/api/vendor/predis/predis/src/Client.php(314): Predis\\Client->executeCommand()
#10 /mnt/d/Projects/ehhoo_bug_fix/api/vendor/laravel/framework/src/Illuminate/Redis/Connections/Connection.php(116): Predis\\Client->__call()
#11 /mnt/d/Projects/ehhoo_bug_fix/api/vendor/laravel/framework/src/Illuminate/Redis/Connections/Connection.php(220): Illuminate\\Redis\\Connections\\Connection->command()
#12 /mnt/d/Projects/ehhoo_bug_fix/api/vendor/laravel/framework/src/Illuminate/Queue/RedisQueue.php(247): Illuminate\\Redis\\Connections\\Connection->__call()
#13 /mnt/d/Projects/ehhoo_bug_fix/api/vendor/laravel/framework/src/Illuminate/Queue/RedisQueue.php(230): Illuminate\\Queue\\RedisQueue->migrateExpiredJobs()
#14 /mnt/d/Projects/ehhoo_bug_fix/api/vendor/laravel/framework/src/Illuminate/Queue/RedisQueue.php(210): Illuminate\\Queue\\RedisQueue->migrate()
#15 /mnt/d/Projects/ehhoo_bug_fix/api/vendor/laravel/framework/src/Illuminate/Queue/Worker.php(331): Illuminate\\Queue\\RedisQueue->pop()
#16 /mnt/d/Projects/ehhoo_bug_fix/api/vendor/laravel/framework/src/Illuminate/Queue/Worker.php(340): Illuminate\\Queue\\Worker->Illuminate\\Queue\\{closure}()
#17 /mnt/d/Projects/ehhoo_bug_fix/api/vendor/laravel/framework/src/Illuminate/Queue/Worker.php(308): Illuminate\\Queue\\Worker->getNextJob()
#18 /mnt/d/Projects/ehhoo_bug_fix/api/vendor/laravel/framework/src/Illuminate/Queue/Console/WorkCommand.php(117): Illuminate\\Queue\\Worker->runNextJob()
#19 /mnt/d/Projects/ehhoo_bug_fix/api/vendor/laravel/framework/src/Illuminate/Queue/Console/WorkCommand.php(101): Illuminate\\Queue\\Console\\WorkCommand->runWorker()
#20 /mnt/d/Projects/ehhoo_bug_fix/api/vendor/laravel/framework/src/Illuminate/Container/BoundMethod.php(36): Illuminate\\Queue\\Console\\WorkCommand->handle()
#21 /mnt/d/Projects/ehhoo_bug_fix/api/vendor/laravel/framework/src/Illuminate/Container/Util.php(40): Illuminate\\Container\\BoundMethod::Illuminate\\Container\\{closure}()
#22 /mnt/d/Projects/ehhoo_bug_fix/api/vendor/laravel/framework/src/Illuminate/Container/BoundMethod.php(93): Illuminate\\Container\\Util::unwrapIfClosure()
#23 /mnt/d/Projects/ehhoo_bug_fix/api/vendor/laravel/framework/src/Illuminate/Container/BoundMethod.php(37): Illuminate\\Container\\BoundMethod::callBoundMethod()
#24 /mnt/d/Projects/ehhoo_bug_fix/api/vendor/laravel/framework/src/Illuminate/Container/Container.php(614): Illuminate\\Container\\BoundMethod::call()
#25 /mnt/d/Projects/ehhoo_bug_fix/api/vendor/laravel/framework/src/Illuminate/Console/Command.php(136): Illuminate\\Container\\Container->call()
#26 /mnt/d/Projects/ehhoo_bug_fix/api/vendor/symfony/console/Command/Command.php(288): Illuminate\\Console\\Command->execute()
#27 /mnt/d/Projects/ehhoo_bug_fix/api/vendor/laravel/framework/src/Illuminate/Console/Command.php(121): Symfony\\Component\\Console\\Command\\Command->run()
#28 /mnt/d/Projects/ehhoo_bug_fix/api/vendor/symfony/console/Application.php(974): Illuminate\\Console\\Command->run()
#29 /mnt/d/Projects/ehhoo_bug_fix/api/vendor/symfony/console/Application.php(291): Symfony\\Component\\Console\\Application->doRunCommand()
#30 /mnt/d/Projects/ehhoo_bug_fix/api/vendor/symfony/console/Application.php(167): Symfony\\Component\\Console\\Application->doRun()
#31 /mnt/d/Projects/ehhoo_bug_fix/api/vendor/laravel/framework/src/Illuminate/Console/Application.php(92): Symfony\\Component\\Console\\Application->run()
#32 /mnt/d/Projects/ehhoo_bug_fix/api/vendor/laravel/framework/src/Illuminate/Foundation/Console/Kernel.php(129): Illuminate\\Console\\Application->run()
#33 /mnt/d/Projects/ehhoo_bug_fix/api/artisan(37): Illuminate\\Foundation\\Console\\Kernel->handle()
#34 {main}
"} 
[2021-06-17 02:38:20] local.ERROR: Auth guard [sanctum] is not defined. {"exception":"[object] (InvalidArgumentException(code: 0): Auth guard [sanctum] is not defined. at D:\\LARAVEL\\chat_bug_fix\\api\\vendor\\laravel\\framework\\src\\Illuminate\\Auth\\AuthManager.php:84)
[stacktrace]
#0 D:\\LARAVEL\\chat_bug_fix\\api\\vendor\\laravel\\framework\\src\\Illuminate\\Auth\\AuthManager.php(68): Illuminate\\Auth\\AuthManager->resolve('sanctum')
#1 D:\\LARAVEL\\chat_bug_fix\\api\\vendor\\laravel\\framework\\src\\Illuminate\\Auth\\Middleware\\Authenticate.php(63): Illuminate\\Auth\\AuthManager->guard('sanctum')
#2 D:\\LARAVEL\\chat_bug_fix\\api\\vendor\\laravel\\framework\\src\\Illuminate\\Auth\\Middleware\\Authenticate.php(42): Illuminate\\Auth\\Middleware\\Authenticate->authenticate(Object(Illuminate\\Http\\Request), Array)
#3 D:\\LARAVEL\\chat_bug_fix\\api\\vendor\\laravel\\framework\\src\\Illuminate\\Pipeline\\Pipeline.php(167): Illuminate\\Auth\\Middleware\\Authenticate->handle(Object(Illuminate\\Http\\Request), Object(Closure), 'sanctum')
#4 D:\\LARAVEL\\chat_bug_fix\\api\\vendor\\laravel\\framework\\src\\Illuminate\\Pipeline\\Pipeline.php(103): Illuminate\\Pipeline\\Pipeline->Illuminate\\Pipeline\\{closure}(Object(Illuminate\\Http\\Request))
#5 D:\\LARAVEL\\chat_bug_fix\\api\\vendor\\laravel\\framework\\src\\Illuminate\\Routing\\Router.php(697): Illuminate\\Pipeline\\Pipeline->then(Object(Closure))
#6 D:\\LARAVEL\\chat_bug_fix\\api\\vendor\\laravel\\framework\\src\\Illuminate\\Routing\\Router.php(672): Illuminate\\Routing\\Router->runRouteWithinStack(Object(Illuminate\\Routing\\Route), Object(Illuminate\\Http\\Request))
#7 D:\\LARAVEL\\chat_bug_fix\\api\\vendor\\laravel\\framework\\src\\Illuminate\\Routing\\Router.php(636): Illuminate\\Routing\\Router->runRoute(Object(Illuminate\\Http\\Request), Object(Illuminate\\Routing\\Route))
#8 D:\\LARAVEL\\chat_bug_fix\\api\\vendor\\laravel\\framework\\src\\Illuminate\\Routing\\Router.php(625): Illuminate\\Routing\\Router->dispatchToRoute(Object(Illuminate\\Http\\Request))
#9 D:\\LARAVEL\\chat_bug_fix\\api\\vendor\\laravel\\framework\\src\\Illuminate\\Foundation\\Http\\Kernel.php(166): Illuminate\\Routing\\Router->dispatch(Object(Illuminate\\Http\\Request))
#10 D:\\LARAVEL\\chat_bug_fix\\api\\vendor\\laravel\\framework\\src\\Illuminate\\Pipeline\\Pipeline.php(128): Illuminate\\Foundation\\Http\\Kernel->Illuminate\\Foundation\\Http\\{closure}(Object(Illuminate\\Http\\Request))
#11 D:\\LARAVEL\\chat_bug_fix\\api\\vendor\\laravel\\framework\\src\\Illuminate\\Foundation\\Http\\Middleware\\TransformsRequest.php(21): Illuminate\\Pipeline\\Pipeline->Illuminate\\Pipeline\\{closure}(Object(Illuminate\\Http\\Request))
#12 D:\\LARAVEL\\chat_bug_fix\\api\\vendor\\laravel\\framework\\src\\Illuminate\\Foundation\\Http\\Middleware\\ConvertEmptyStringsToNull.php(31): Illuminate\\Foundation\\Http\\Middleware\\TransformsRequest->handle(Object(Illuminate\\Http\\Request), Object(Closure))
#13 D:\\LARAVEL\\chat_bug_fix\\api\\vendor\\laravel\\framework\\src\\Illuminate\\Pipeline\\Pipeline.php(167): Illuminate\\Foundation\\Http\\Middleware\\ConvertEmptyStringsToNull->handle(Object(Illuminate\\Http\\Request), Object(Closure))
#14 D:\\LARAVEL\\chat_bug_fix\\api\\vendor\\laravel\\framework\\src\\Illuminate\\Foundation\\Http\\Middleware\\TransformsRequest.php(21): Illuminate\\Pipeline\\Pipeline->Illuminate\\Pipeline\\{closure}(Object(Illuminate\\Http\\Request))
#15 D:\\LARAVEL\\chat_bug_fix\\api\\vendor\\laravel\\framework\\src\\Illuminate\\Foundation\\Http\\Middleware\\TrimStrings.php(40): Illuminate\\Foundation\\Http\\Middleware\\TransformsRequest->handle(Object(Illuminate\\Http\\Request), Object(Closure))
#16 D:\\LARAVEL\\chat_bug_fix\\api\\vendor\\laravel\\framework\\src\\Illuminate\\Pipeline\\Pipeline.php(167): Illuminate\\Foundation\\Http\\Middleware\\TrimStrings->handle(Object(Illuminate\\Http\\Request), Object(Closure))
#17 D:\\LARAVEL\\chat_bug_fix\\api\\vendor\\laravel\\framework\\src\\Illuminate\\Foundation\\Http\\Middleware\\ValidatePostSize.php(27): Illuminate\\Pipeline\\Pipeline->Illuminate\\Pipeline\\{closure}(Object(Illuminate\\Http\\Request))
#18 D:\\LARAVEL\\chat_bug_fix\\api\\vendor\\laravel\\framework\\src\\Illuminate\\Pipeline\\Pipeline.php(167): Illuminate\\Foundation\\Http\\Middleware\\ValidatePostSize->handle(Object(Illuminate\\Http\\Request), Object(Closure))
#19 D:\\LARAVEL\\chat_bug_fix\\api\\vendor\\laravel\\framework\\src\\Illuminate\\Foundation\\Http\\Middleware\\PreventRequestsDuringMaintenance.php(86): Illuminate\\Pipeline\\Pipeline->Illuminate\\Pipeline\\{closure}(Object(Illuminate\\Http\\Request))
#20 D:\\LARAVEL\\chat_bug_fix\\api\\vendor\\laravel\\framework\\src\\Illuminate\\Pipeline\\Pipeline.php(167): Illuminate\\Foundation\\Http\\Middleware\\PreventRequestsDuringMaintenance->handle(Object(Illuminate\\Http\\Request), Object(Closure))
#21 D:\\LARAVEL\\chat_bug_fix\\api\\vendor\\fruitcake\\laravel-cors\\src\\HandleCors.php(52): Illuminate\\Pipeline\\Pipeline->Illuminate\\Pipeline\\{closure}(Object(Illuminate\\Http\\Request))
#22 D:\\LARAVEL\\chat_bug_fix\\api\\vendor\\laravel\\framework\\src\\Illuminate\\Pipeline\\Pipeline.php(167): Fruitcake\\Cors\\HandleCors->handle(Object(Illuminate\\Http\\Request), Object(Closure))
#23 D:\\LARAVEL\\chat_bug_fix\\api\\vendor\\fideloper\\proxy\\src\\TrustProxies.php(57): Illuminate\\Pipeline\\Pipeline->Illuminate\\Pipeline\\{closure}(Object(Illuminate\\Http\\Request))
#24 D:\\LARAVEL\\chat_bug_fix\\api\\vendor\\laravel\\framework\\src\\Illuminate\\Pipeline\\Pipeline.php(167): Fideloper\\Proxy\\TrustProxies->handle(Object(Illuminate\\Http\\Request), Object(Closure))
#25 D:\\LARAVEL\\chat_bug_fix\\api\\vendor\\laravel\\framework\\src\\Illuminate\\Pipeline\\Pipeline.php(103): Illuminate\\Pipeline\\Pipeline->Illuminate\\Pipeline\\{closure}(Object(Illuminate\\Http\\Request))
#26 D:\\LARAVEL\\chat_bug_fix\\api\\vendor\\laravel\\framework\\src\\Illuminate\\Foundation\\Http\\Kernel.php(141): Illuminate\\Pipeline\\Pipeline->then(Object(Closure))
#27 D:\\LARAVEL\\chat_bug_fix\\api\\vendor\\laravel\\framework\\src\\Illuminate\\Foundation\\Http\\Kernel.php(110): Illuminate\\Foundation\\Http\\Kernel->sendRequestThroughRouter(Object(Illuminate\\Http\\Request))
#28 D:\\LARAVEL\\chat_bug_fix\\api\\public\\index.php(52): Illuminate\\Foundation\\Http\\Kernel->handle(Object(Illuminate\\Http\\Request))
#29 D:\\LARAVEL\\chat_bug_fix\\api\\server.php(21): require_once('D:\\\\LARAVEL\\\\chat...')
#30 {main}
"} 
[2021-06-17 02:38:50] local.ERROR: SQLSTATE[HY000] [1045] Access denied for user 'root'@'localhost' (using password: YES) (SQL: select * from `users` where `id` = 2 limit 1) {"exception":"[object] (Illuminate\\Database\\QueryException(code: 1045): SQLSTATE[HY000] [1045] Access denied for user 'root'@'localhost' (using password: YES) (SQL: select * from `users` where `id` = 2 limit 1) at D:\\LARAVEL\\chat_bug_fix\\api\\vendor\\laravel\\framework\\src\\Illuminate\\Database\\Connection.php:692)
[stacktrace]
#0 D:\\LARAVEL\\chat_bug_fix\\api\\vendor\\laravel\\framework\\src\\Illuminate\\Database\\Connection.php(652): Illuminate\\Database\\Connection->runQueryCallback('select * from `...', Array, Object(Closure))
#1 D:\\LARAVEL\\chat_bug_fix\\api\\vendor\\laravel\\framework\\src\\Illuminate\\Database\\Connection.php(360): Illuminate\\Database\\Connection->run('select * from `...', Array, Object(Closure))
#2 D:\\LARAVEL\\chat_bug_fix\\api\\vendor\\laravel\\framework\\src\\Illuminate\\Database\\Query\\Builder.php(2361): Illuminate\\Database\\Connection->select('select * from `...', Array, true)
#3 D:\\LARAVEL\\chat_bug_fix\\api\\vendor\\laravel\\framework\\src\\Illuminate\\Database\\Query\\Builder.php(2349): Illuminate\\Database\\Query\\Builder->runSelect()
#4 D:\\LARAVEL\\chat_bug_fix\\api\\vendor\\laravel\\framework\\src\\Illuminate\\Database\\Query\\Builder.php(2915): Illuminate\\Database\\Query\\Builder->Illuminate\\Database\\Query\\{closure}()
#5 D:\\LARAVEL\\chat_bug_fix\\api\\vendor\\laravel\\framework\\src\\Illuminate\\Database\\Query\\Builder.php(2350): Illuminate\\Database\\Query\\Builder->onceWithColumns(Array, Object(Closure))
#6 D:\\LARAVEL\\chat_bug_fix\\api\\vendor\\laravel\\framework\\src\\Illuminate\\Database\\Eloquent\\Builder.php(604): Illuminate\\Database\\Query\\Builder->get(Array)
#7 D:\\LARAVEL\\chat_bug_fix\\api\\vendor\\laravel\\framework\\src\\Illuminate\\Database\\Eloquent\\Builder.php(588): Illuminate\\Database\\Eloquent\\Builder->getModels(Array)
#8 D:\\LARAVEL\\chat_bug_fix\\api\\vendor\\laravel\\framework\\src\\Illuminate\\Database\\Concerns\\BuildsQueries.php(257): Illuminate\\Database\\Eloquent\\Builder->get(Array)
#9 D:\\LARAVEL\\chat_bug_fix\\api\\vendor\\laravel\\framework\\src\\Illuminate\\Auth\\EloquentUserProvider.php(52): Illuminate\\Database\\Eloquent\\Builder->first()
#10 D:\\LARAVEL\\chat_bug_fix\\api\\vendor\\tymon\\jwt-auth\\src\\JWTGuard.php(82): Illuminate\\Auth\\EloquentUserProvider->retrieveById(2)
#11 D:\\LARAVEL\\chat_bug_fix\\api\\vendor\\laravel\\framework\\src\\Illuminate\\Auth\\GuardHelpers.php(60): Tymon\\JWTAuth\\JWTGuard->user()
#12 D:\\LARAVEL\\chat_bug_fix\\api\\vendor\\laravel\\framework\\src\\Illuminate\\Auth\\Middleware\\Authenticate.php(63): Tymon\\JWTAuth\\JWTGuard->check()
#13 D:\\LARAVEL\\chat_bug_fix\\api\\vendor\\laravel\\framework\\src\\Illuminate\\Auth\\Middleware\\Authenticate.php(42): Illuminate\\Auth\\Middleware\\Authenticate->authenticate(Object(Illuminate\\Http\\Request), Array)
#14 D:\\LARAVEL\\chat_bug_fix\\api\\vendor\\laravel\\framework\\src\\Illuminate\\Pipeline\\Pipeline.php(167): Illuminate\\Auth\\Middleware\\Authenticate->handle(Object(Illuminate\\Http\\Request), Object(Closure))
#15 D:\\LARAVEL\\chat_bug_fix\\api\\vendor\\laravel\\framework\\src\\Illuminate\\Pipeline\\Pipeline.php(103): Illuminate\\Pipeline\\Pipeline->Illuminate\\Pipeline\\{closure}(Object(Illuminate\\Http\\Request))
#16 D:\\LARAVEL\\chat_bug_fix\\api\\vendor\\laravel\\framework\\src\\Illuminate\\Routing\\Router.php(697): Illuminate\\Pipeline\\Pipeline->then(Object(Closure))
#17 D:\\LARAVEL\\chat_bug_fix\\api\\vendor\\laravel\\framework\\src\\Illuminate\\Routing\\Router.php(672): Illuminate\\Routing\\Router->runRouteWithinStack(Object(Illuminate\\Routing\\Route), Object(Illuminate\\Http\\Request))
#18 D:\\LARAVEL\\chat_bug_fix\\api\\vendor\\laravel\\framework\\src\\Illuminate\\Routing\\Router.php(636): Illuminate\\Routing\\Router->runRoute(Object(Illuminate\\Http\\Request), Object(Illuminate\\Routing\\Route))
#19 D:\\LARAVEL\\chat_bug_fix\\api\\vendor\\laravel\\framework\\src\\Illuminate\\Routing\\Router.php(625): Illuminate\\Routing\\Router->dispatchToRoute(Object(Illuminate\\Http\\Request))
#20 D:\\LARAVEL\\chat_bug_fix\\api\\vendor\\laravel\\framework\\src\\Illuminate\\Foundation\\Http\\Kernel.php(166): Illuminate\\Routing\\Router->dispatch(Object(Illuminate\\Http\\Request))
#21 D:\\LARAVEL\\chat_bug_fix\\api\\vendor\\laravel\\framework\\src\\Illuminate\\Pipeline\\Pipeline.php(128): Illuminate\\Foundation\\Http\\Kernel->Illuminate\\Foundation\\Http\\{closure}(Object(Illuminate\\Http\\Request))
#22 D:\\LARAVEL\\chat_bug_fix\\api\\vendor\\laravel\\framework\\src\\Illuminate\\Foundation\\Http\\Middleware\\TransformsRequest.php(21): Illuminate\\Pipeline\\Pipeline->Illuminate\\Pipeline\\{closure}(Object(Illuminate\\Http\\Request))
#23 D:\\LARAVEL\\chat_bug_fix\\api\\vendor\\laravel\\framework\\src\\Illuminate\\Foundation\\Http\\Middleware\\ConvertEmptyStringsToNull.php(31): Illuminate\\Foundation\\Http\\Middleware\\TransformsRequest->handle(Object(Illuminate\\Http\\Request), Object(Closure))
#24 D:\\LARAVEL\\chat_bug_fix\\api\\vendor\\laravel\\framework\\src\\Illuminate\\Pipeline\\Pipeline.php(167): Illuminate\\Foundation\\Http\\Middleware\\ConvertEmptyStringsToNull->handle(Object(Illuminate\\Http\\Request), Object(Closure))
#25 D:\\LARAVEL\\chat_bug_fix\\api\\vendor\\laravel\\framework\\src\\Illuminate\\Foundation\\Http\\Middleware\\TransformsRequest.php(21): Illuminate\\Pipeline\\Pipeline->Illuminate\\Pipeline\\{closure}(Object(Illuminate\\Http\\Request))
#26 D:\\LARAVEL\\chat_bug_fix\\api\\vendor\\laravel\\framework\\src\\Illuminate\\Foundation\\Http\\Middleware\\TrimStrings.php(40): Illuminate\\Foundation\\Http\\Middleware\\TransformsRequest->handle(Object(Illuminate\\Http\\Request), Object(Closure))
#27 D:\\LARAVEL\\chat_bug_fix\\api\\vendor\\laravel\\framework\\src\\Illuminate\\Pipeline\\Pipeline.php(167): Illuminate\\Foundation\\Http\\Middleware\\TrimStrings->handle(Object(Illuminate\\Http\\Request), Object(Closure))
#28 D:\\LARAVEL\\chat_bug_fix\\api\\vendor\\laravel\\framework\\src\\Illuminate\\Foundation\\Http\\Middleware\\ValidatePostSize.php(27): Illuminate\\Pipeline\\Pipeline->Illuminate\\Pipeline\\{closure}(Object(Illuminate\\Http\\Request))
#29 D:\\LARAVEL\\chat_bug_fix\\api\\vendor\\laravel\\framework\\src\\Illuminate\\Pipeline\\Pipeline.php(167): Illuminate\\Foundation\\Http\\Middleware\\ValidatePostSize->handle(Object(Illuminate\\Http\\Request), Object(Closure))
#30 D:\\LARAVEL\\chat_bug_fix\\api\\vendor\\laravel\\framework\\src\\Illuminate\\Foundation\\Http\\Middleware\\PreventRequestsDuringMaintenance.php(86): Illuminate\\Pipeline\\Pipeline->Illuminate\\Pipeline\\{closure}(Object(Illuminate\\Http\\Request))
#31 D:\\LARAVEL\\chat_bug_fix\\api\\vendor\\laravel\\framework\\src\\Illuminate\\Pipeline\\Pipeline.php(167): Illuminate\\Foundation\\Http\\Middleware\\PreventRequestsDuringMaintenance->handle(Object(Illuminate\\Http\\Request), Object(Closure))
#32 D:\\LARAVEL\\chat_bug_fix\\api\\vendor\\fruitcake\\laravel-cors\\src\\HandleCors.php(52): Illuminate\\Pipeline\\Pipeline->Illuminate\\Pipeline\\{closure}(Object(Illuminate\\Http\\Request))
#33 D:\\LARAVEL\\chat_bug_fix\\api\\vendor\\laravel\\framework\\src\\Illuminate\\Pipeline\\Pipeline.php(167): Fruitcake\\Cors\\HandleCors->handle(Object(Illuminate\\Http\\Request), Object(Closure))
#34 D:\\LARAVEL\\chat_bug_fix\\api\\vendor\\fideloper\\proxy\\src\\TrustProxies.php(57): Illuminate\\Pipeline\\Pipeline->Illuminate\\Pipeline\\{closure}(Object(Illuminate\\Http\\Request))
#35 D:\\LARAVEL\\chat_bug_fix\\api\\vendor\\laravel\\framework\\src\\Illuminate\\Pipeline\\Pipeline.php(167): Fideloper\\Proxy\\TrustProxies->handle(Object(Illuminate\\Http\\Request), Object(Closure))
#36 D:\\LARAVEL\\chat_bug_fix\\api\\vendor\\laravel\\framework\\src\\Illuminate\\Pipeline\\Pipeline.php(103): Illuminate\\Pipeline\\Pipeline->Illuminate\\Pipeline\\{closure}(Object(Illuminate\\Http\\Request))
#37 D:\\LARAVEL\\chat_bug_fix\\api\\vendor\\laravel\\framework\\src\\Illuminate\\Foundation\\Http\\Kernel.php(141): Illuminate\\Pipeline\\Pipeline->then(Object(Closure))
#38 D:\\LARAVEL\\chat_bug_fix\\api\\vendor\\laravel\\framework\\src\\Illuminate\\Foundation\\Http\\Kernel.php(110): Illuminate\\Foundation\\Http\\Kernel->sendRequestThroughRouter(Object(Illuminate\\Http\\Request))
#39 D:\\LARAVEL\\chat_bug_fix\\api\\public\\index.php(52): Illuminate\\Foundation\\Http\\Kernel->handle(Object(Illuminate\\Http\\Request))
#40 D:\\LARAVEL\\chat_bug_fix\\api\\server.php(21): require_once('D:\\\\LARAVEL\\\\chat...')
#41 {main}

[previous exception] [object] (PDOException(code: 1045): SQLSTATE[HY000] [1045] Access denied for user 'root'@'localhost' (using password: YES) at D:\\LARAVEL\\chat_bug_fix\\api\\vendor\\laravel\\framework\\src\\Illuminate\\Database\\Connectors\\Connector.php:70)
[stacktrace]
#0 D:\\LARAVEL\\chat_bug_fix\\api\\vendor\\laravel\\framework\\src\\Illuminate\\Database\\Connectors\\Connector.php(70): PDO->__construct('mysql:host=127....', 'root', 'root', Array)
#1 D:\\LARAVEL\\chat_bug_fix\\api\\vendor\\laravel\\framework\\src\\Illuminate\\Database\\Connectors\\Connector.php(46): Illuminate\\Database\\Connectors\\Connector->createPdoConnection('mysql:host=127....', 'root', 'root', Array)
#2 D:\\LARAVEL\\chat_bug_fix\\api\\vendor\\laravel\\framework\\src\\Illuminate\\Database\\Connectors\\MySqlConnector.php(24): Illuminate\\Database\\Connectors\\Connector->createConnection('mysql:host=127....', Array, Array)
#3 D:\\LARAVEL\\chat_bug_fix\\api\\vendor\\laravel\\framework\\src\\Illuminate\\Database\\Connectors\\ConnectionFactory.php(184): Illuminate\\Database\\Connectors\\MySqlConnector->connect(Array)
#4 [internal function]: Illuminate\\Database\\Connectors\\ConnectionFactory->Illuminate\\Database\\Connectors\\{closure}()
#5 D:\\LARAVEL\\chat_bug_fix\\api\\vendor\\laravel\\framework\\src\\Illuminate\\Database\\Connection.php(986): call_user_func(Object(Closure))
#6 D:\\LARAVEL\\chat_bug_fix\\api\\vendor\\laravel\\framework\\src\\Illuminate\\Database\\Connection.php(1022): Illuminate\\Database\\Connection->getPdo()
#7 D:\\LARAVEL\\chat_bug_fix\\api\\vendor\\laravel\\framework\\src\\Illuminate\\Database\\Connection.php(426): Illuminate\\Database\\Connection->getReadPdo()
#8 D:\\LARAVEL\\chat_bug_fix\\api\\vendor\\laravel\\framework\\src\\Illuminate\\Database\\Connection.php(352): Illuminate\\Database\\Connection->getPdoForSelect(true)
#9 D:\\LARAVEL\\chat_bug_fix\\api\\vendor\\laravel\\framework\\src\\Illuminate\\Database\\Connection.php(685): Illuminate\\Database\\Connection->Illuminate\\Database\\{closure}('select * from `...', Array)
#10 D:\\LARAVEL\\chat_bug_fix\\api\\vendor\\laravel\\framework\\src\\Illuminate\\Database\\Connection.php(652): Illuminate\\Database\\Connection->runQueryCallback('select * from `...', Array, Object(Closure))
#11 D:\\LARAVEL\\chat_bug_fix\\api\\vendor\\laravel\\framework\\src\\Illuminate\\Database\\Connection.php(360): Illuminate\\Database\\Connection->run('select * from `...', Array, Object(Closure))
#12 D:\\LARAVEL\\chat_bug_fix\\api\\vendor\\laravel\\framework\\src\\Illuminate\\Database\\Query\\Builder.php(2361): Illuminate\\Database\\Connection->select('select * from `...', Array, true)
#13 D:\\LARAVEL\\chat_bug_fix\\api\\vendor\\laravel\\framework\\src\\Illuminate\\Database\\Query\\Builder.php(2349): Illuminate\\Database\\Query\\Builder->runSelect()
#14 D:\\LARAVEL\\chat_bug_fix\\api\\vendor\\laravel\\framework\\src\\Illuminate\\Database\\Query\\Builder.php(2915): Illuminate\\Database\\Query\\Builder->Illuminate\\Database\\Query\\{closure}()
#15 D:\\LARAVEL\\chat_bug_fix\\api\\vendor\\laravel\\framework\\src\\Illuminate\\Database\\Query\\Builder.php(2350): Illuminate\\Database\\Query\\Builder->onceWithColumns(Array, Object(Closure))
#16 D:\\LARAVEL\\chat_bug_fix\\api\\vendor\\laravel\\framework\\src\\Illuminate\\Database\\Eloquent\\Builder.php(604): Illuminate\\Database\\Query\\Builder->get(Array)
#17 D:\\LARAVEL\\chat_bug_fix\\api\\vendor\\laravel\\framework\\src\\Illuminate\\Database\\Eloquent\\Builder.php(588): Illuminate\\Database\\Eloquent\\Builder->getModels(Array)
#18 D:\\LARAVEL\\chat_bug_fix\\api\\vendor\\laravel\\framework\\src\\Illuminate\\Database\\Concerns\\BuildsQueries.php(257): Illuminate\\Database\\Eloquent\\Builder->get(Array)
#19 D:\\LARAVEL\\chat_bug_fix\\api\\vendor\\laravel\\framework\\src\\Illuminate\\Auth\\EloquentUserProvider.php(52): Illuminate\\Database\\Eloquent\\Builder->first()
#20 D:\\LARAVEL\\chat_bug_fix\\api\\vendor\\tymon\\jwt-auth\\src\\JWTGuard.php(82): Illuminate\\Auth\\EloquentUserProvider->retrieveById(2)
#21 D:\\LARAVEL\\chat_bug_fix\\api\\vendor\\laravel\\framework\\src\\Illuminate\\Auth\\GuardHelpers.php(60): Tymon\\JWTAuth\\JWTGuard->user()
#22 D:\\LARAVEL\\chat_bug_fix\\api\\vendor\\laravel\\framework\\src\\Illuminate\\Auth\\Middleware\\Authenticate.php(63): Tymon\\JWTAuth\\JWTGuard->check()
#23 D:\\LARAVEL\\chat_bug_fix\\api\\vendor\\laravel\\framework\\src\\Illuminate\\Auth\\Middleware\\Authenticate.php(42): Illuminate\\Auth\\Middleware\\Authenticate->authenticate(Object(Illuminate\\Http\\Request), Array)
#24 D:\\LARAVEL\\chat_bug_fix\\api\\vendor\\laravel\\framework\\src\\Illuminate\\Pipeline\\Pipeline.php(167): Illuminate\\Auth\\Middleware\\Authenticate->handle(Object(Illuminate\\Http\\Request), Object(Closure))
#25 D:\\LARAVEL\\chat_bug_fix\\api\\vendor\\laravel\\framework\\src\\Illuminate\\Pipeline\\Pipeline.php(103): Illuminate\\Pipeline\\Pipeline->Illuminate\\Pipeline\\{closure}(Object(Illuminate\\Http\\Request))
#26 D:\\LARAVEL\\chat_bug_fix\\api\\vendor\\laravel\\framework\\src\\Illuminate\\Routing\\Router.php(697): Illuminate\\Pipeline\\Pipeline->then(Object(Closure))
#27 D:\\LARAVEL\\chat_bug_fix\\api\\vendor\\laravel\\framework\\src\\Illuminate\\Routing\\Router.php(672): Illuminate\\Routing\\Router->runRouteWithinStack(Object(Illuminate\\Routing\\Route), Object(Illuminate\\Http\\Request))
#28 D:\\LARAVEL\\chat_bug_fix\\api\\vendor\\laravel\\framework\\src\\Illuminate\\Routing\\Router.php(636): Illuminate\\Routing\\Router->runRoute(Object(Illuminate\\Http\\Request), Object(Illuminate\\Routing\\Route))
#29 D:\\LARAVEL\\chat_bug_fix\\api\\vendor\\laravel\\framework\\src\\Illuminate\\Routing\\Router.php(625): Illuminate\\Routing\\Router->dispatchToRoute(Object(Illuminate\\Http\\Request))
#30 D:\\LARAVEL\\chat_bug_fix\\api\\vendor\\laravel\\framework\\src\\Illuminate\\Foundation\\Http\\Kernel.php(166): Illuminate\\Routing\\Router->dispatch(Object(Illuminate\\Http\\Request))
#31 D:\\LARAVEL\\chat_bug_fix\\api\\vendor\\laravel\\framework\\src\\Illuminate\\Pipeline\\Pipeline.php(128): Illuminate\\Foundation\\Http\\Kernel->Illuminate\\Foundation\\Http\\{closure}(Object(Illuminate\\Http\\Request))
#32 D:\\LARAVEL\\chat_bug_fix\\api\\vendor\\laravel\\framework\\src\\Illuminate\\Foundation\\Http\\Middleware\\TransformsRequest.php(21): Illuminate\\Pipeline\\Pipeline->Illuminate\\Pipeline\\{closure}(Object(Illuminate\\Http\\Request))
#33 D:\\LARAVEL\\chat_bug_fix\\api\\vendor\\laravel\\framework\\src\\Illuminate\\Foundation\\Http\\Middleware\\ConvertEmptyStringsToNull.php(31): Illuminate\\Foundation\\Http\\Middleware\\TransformsRequest->handle(Object(Illuminate\\Http\\Request), Object(Closure))
#34 D:\\LARAVEL\\chat_bug_fix\\api\\vendor\\laravel\\framework\\src\\Illuminate\\Pipeline\\Pipeline.php(167): Illuminate\\Foundation\\Http\\Middleware\\ConvertEmptyStringsToNull->handle(Object(Illuminate\\Http\\Request), Object(Closure))
#35 D:\\LARAVEL\\chat_bug_fix\\api\\vendor\\laravel\\framework\\src\\Illuminate\\Foundation\\Http\\Middleware\\TransformsRequest.php(21): Illuminate\\Pipeline\\Pipeline->Illuminate\\Pipeline\\{closure}(Object(Illuminate\\Http\\Request))
#36 D:\\LARAVEL\\chat_bug_fix\\api\\vendor\\laravel\\framework\\src\\Illuminate\\Foundation\\Http\\Middleware\\TrimStrings.php(40): Illuminate\\Foundation\\Http\\Middleware\\TransformsRequest->handle(Object(Illuminate\\Http\\Request), Object(Closure))
#37 D:\\LARAVEL\\chat_bug_fix\\api\\vendor\\laravel\\framework\\src\\Illuminate\\Pipeline\\Pipeline.php(167): Illuminate\\Foundation\\Http\\Middleware\\TrimStrings->handle(Object(Illuminate\\Http\\Request), Object(Closure))
#38 D:\\LARAVEL\\chat_bug_fix\\api\\vendor\\laravel\\framework\\src\\Illuminate\\Foundation\\Http\\Middleware\\ValidatePostSize.php(27): Illuminate\\Pipeline\\Pipeline->Illuminate\\Pipeline\\{closure}(Object(Illuminate\\Http\\Request))
#39 D:\\LARAVEL\\chat_bug_fix\\api\\vendor\\laravel\\framework\\src\\Illuminate\\Pipeline\\Pipeline.php(167): Illuminate\\Foundation\\Http\\Middleware\\ValidatePostSize->handle(Object(Illuminate\\Http\\Request), Object(Closure))
#40 D:\\LARAVEL\\chat_bug_fix\\api\\vendor\\laravel\\framework\\src\\Illuminate\\Foundation\\Http\\Middleware\\PreventRequestsDuringMaintenance.php(86): Illuminate\\Pipeline\\Pipeline->Illuminate\\Pipeline\\{closure}(Object(Illuminate\\Http\\Request))
#41 D:\\LARAVEL\\chat_bug_fix\\api\\vendor\\laravel\\framework\\src\\Illuminate\\Pipeline\\Pipeline.php(167): Illuminate\\Foundation\\Http\\Middleware\\PreventRequestsDuringMaintenance->handle(Object(Illuminate\\Http\\Request), Object(Closure))
#42 D:\\LARAVEL\\chat_bug_fix\\api\\vendor\\fruitcake\\laravel-cors\\src\\HandleCors.php(52): Illuminate\\Pipeline\\Pipeline->Illuminate\\Pipeline\\{closure}(Object(Illuminate\\Http\\Request))
#43 D:\\LARAVEL\\chat_bug_fix\\api\\vendor\\laravel\\framework\\src\\Illuminate\\Pipeline\\Pipeline.php(167): Fruitcake\\Cors\\HandleCors->handle(Object(Illuminate\\Http\\Request), Object(Closure))
#44 D:\\LARAVEL\\chat_bug_fix\\api\\vendor\\fideloper\\proxy\\src\\TrustProxies.php(57): Illuminate\\Pipeline\\Pipeline->Illuminate\\Pipeline\\{closure}(Object(Illuminate\\Http\\Request))
#45 D:\\LARAVEL\\chat_bug_fix\\api\\vendor\\laravel\\framework\\src\\Illuminate\\Pipeline\\Pipeline.php(167): Fideloper\\Proxy\\TrustProxies->handle(Object(Illuminate\\Http\\Request), Object(Closure))
#46 D:\\LARAVEL\\chat_bug_fix\\api\\vendor\\laravel\\framework\\src\\Illuminate\\Pipeline\\Pipeline.php(103): Illuminate\\Pipeline\\Pipeline->Illuminate\\Pipeline\\{closure}(Object(Illuminate\\Http\\Request))
#47 D:\\LARAVEL\\chat_bug_fix\\api\\vendor\\laravel\\framework\\src\\Illuminate\\Foundation\\Http\\Kernel.php(141): Illuminate\\Pipeline\\Pipeline->then(Object(Closure))
#48 D:\\LARAVEL\\chat_bug_fix\\api\\vendor\\laravel\\framework\\src\\Illuminate\\Foundation\\Http\\Kernel.php(110): Illuminate\\Foundation\\Http\\Kernel->sendRequestThroughRouter(Object(Illuminate\\Http\\Request))
#49 D:\\LARAVEL\\chat_bug_fix\\api\\public\\index.php(52): Illuminate\\Foundation\\Http\\Kernel->handle(Object(Illuminate\\Http\\Request))
#50 D:\\LARAVEL\\chat_bug_fix\\api\\server.php(21): require_once('D:\\\\LARAVEL\\\\chat...')
#51 {main}
"} 
